<?xml version="1.0" encoding="UTF-8"?>
<testng-results ignored="0" total="2" passed="2" failed="0" skipped="0">
  <reporter-output>
  </reporter-output>
  <suite started-at="2024-07-17T18:30:38 IST" name="Suite" finished-at="2024-07-17T18:30:48 IST" duration-ms="10258">
    <groups>
    </groups>
    <test started-at="2024-07-17T18:30:38 IST" name="chome Test" finished-at="2024-07-17T18:30:46 IST" duration-ms="7960">
      <class name="com.Crossbrowser.Demo_Crossbrowser">
        <test-method signature="verifybrowser(java.lang.String)[pri:0, instance:com.Crossbrowser.Demo_Crossbrowser@f78a47e]" started-at="2024-07-17T18:30:38 IST" name="verifybrowser" finished-at="2024-07-17T18:30:46 IST" duration-ms="7858" status="PASS">
          <params>
            <param index="0">
              <value>
                <![CDATA[CHROME]]>
              </value>
            </param>
          </params>
          <reporter-output>
          </reporter-output>
        </test-method> <!-- verifybrowser -->
      </class> <!-- com.Crossbrowser.Demo_Crossbrowser -->
    </test> <!-- chome Test -->
    <test started-at="2024-07-17T18:30:38 IST" name="Edge Test" finished-at="2024-07-17T18:30:48 IST" duration-ms="10258">
      <class name="com.Crossbrowser.Demo_Crossbrowser">
        <test-method signature="verifybrowser(java.lang.String)[pri:0, instance:com.Crossbrowser.Demo_Crossbrowser@14028087]" started-at="2024-07-17T18:30:38 IST" name="verifybrowser" finished-at="2024-07-17T18:30:48 IST" duration-ms="10168" status="PASS">
          <params>
            <param index="0">
              <value>
                <![CDATA[EDGE]]>
              </value>
            </param>
          </params>
          <reporter-output>
          </reporter-output>
        </test-method> <!-- verifybrowser -->
      </class> <!-- com.Crossbrowser.Demo_Crossbrowser -->
    </test> <!-- Edge Test -->
  </suite> <!-- Suite -->
</testng-results>
